----------------------------------------------------------------------------------------------------------------------------------------------------
[root@naranja agenda]# php composer.phar install
----------------------------------------------------------------------------------------------------------------------------------------------------
Loading composer repositories with package information
Installing dependencies from lock file
Warning: The lock file is not up to date with the latest changes in composer.json, you may be getting outdated dependencies, run update to update them.
  - Installing doctrine/common (2.3.0)

  - Installing doctrine/dbal (2.3.0)

  - Installing twig/twig (v1.10.3)

  - Installing symfony/symfony (v2.1.3)

  - Installing doctrine/doctrine-bundle (v1.0.0)

  - Installing doctrine/orm (2.3.0)

  - Installing jms/cg (1.0.0)

  - Installing jms/metadata (1.1.1)

  - Installing jms/aop-bundle (1.0.0)

  - Installing jms/di-extra-bundle (1.1.1)

  - Installing jms/security-extra-bundle (1.2.0)

  - Installing sensio/distribution-bundle (v2.1.3)

  - Installing sensio/framework-extra-bundle (v2.1.3)

  - Installing sensio/generator-bundle (v2.1.3)

  - Installing kriswallsmith/assetic (v1.1.0-alpha1)

  - Installing symfony/assetic-bundle (v2.1.0)

  - Installing monolog/monolog (1.2.1)

  - Installing symfony/monolog-bundle (v2.1.0)

  - Installing swiftmailer/swiftmailer (v4.2.2)

  - Installing symfony/swiftmailer-bundle (v2.1.0)

  - Installing twig/extensions (v1.0.0-alpha)

kriswallsmith/assetic suggests installing leafo/lessphp (Assetic provides the integration with the lessphp LESS compiler)
kriswallsmith/assetic suggests installing leafo/scssphp (Assetic provides the integration with the scssphp SCSS compiler)
kriswallsmith/assetic suggests installing ptachoire/cssembed (Assetic provides the integration with phpcssembed to embed data uris)
monolog/monolog suggests installing mlehner/gelf-php (Allow sending log messages to a GrayLog2 server)
monolog/monolog suggests installing ext-amqp (Allow sending log messages to an AMQP server (1.0+ required))
Generating autoload files
Clearing the cache for the dev environment with debug true
Installing assets using the hard copy option
Installing assets for Symfony\Bundle\FrameworkBundle into web/bundles/framework
Installing assets for Acme\DemoBundle into web/bundles/acmedemo
Installing assets for Symfony\Bundle\WebProfilerBundle into web/bundles/webprofiler
Installing assets for Sensio\Bundle\DistributionBundle into web/bundles/sensiodistribution



----------------------------------------------------------------------------------------------------------------------------------------------------
[juampa@naranja agenda]$ php composer.phar update friendsofsymfony/user-bundle
----------------------------------------------------------------------------------------------------------------------------------------------------
Loading composer repositories with package information
Updating dependencies
Generating autoload files
Clearing the cache for the dev environment with debug true
Installing assets using the hard copy option
Installing assets for Symfony\Bundle\FrameworkBundle into web/bundles/framework
Installing assets for Acme\DemoBundle into web/bundles/acmedemo
Installing assets for Symfony\Bundle\WebProfilerBundle into web/bundles/webprofiler
Installing assets for Sensio\Bundle\DistributionBundle into web/bundles/sensiodistribution









----------------------------------------------------------------------------------------------------------------------------------------------------
[juampa@naranja agenda]$ php app/console doctrine:schema:update --dump-sql
----------------------------------------------------------------------------------------------------------------------------------------------------
CREATE TABLE fos_user (id INT AUTO_INCREMENT NOT NULL, username VARCHAR(255) NOT NULL, username_canonical VARCHAR(255) NOT NULL, email VARCHAR(255) NOT NULL, email_canonical VARCHAR(255) NOT NULL, enabled TINYINT(1) NOT NULL, salt VARCHAR(255) NOT NULL, password VARCHAR(255) NOT NULL, last_login DATETIME DEFAULT NULL, locked TINYINT(1) NOT NULL, expired TINYINT(1) NOT NULL, expires_at DATETIME DEFAULT NULL, confirmation_token VARCHAR(255) DEFAULT NULL, password_requested_at DATETIME DEFAULT NULL, roles LONGTEXT NOT NULL COMMENT '(DC2Type:array)', credentials_expired TINYINT(1) NOT NULL, credentials_expire_at DATETIME DEFAULT NULL, UNIQUE INDEX UNIQ_957A647992FC23A8 (username_canonical), UNIQUE INDEX UNIQ_957A6479A0D96FBF (email_canonical), PRIMARY KEY(id)) DEFAULT CHARACTER SET utf8 COLLATE utf8_unicode_ci ENGINE = InnoDB